### CustomExplorer log file, revision K-2015.06 (build 05/23/15) ###
### created at 16:23:55 on Mon May  3 2021 (Linux AMD64) ###
### Host Name: vlsipool-j01.eecs.umich.edu   User ID: naomikmo   PID: 21229   ###
wv_start_log
# (0) running in waveview only mode
# (0) SW_SX_PERL_LIB defined
# (0) SW_SX_TCL_LIB defined
# (0) HOME defined
wv_move_window CustomWaveView 0 0
wv_resize_window CustomWaveView 800 400
wv_move_window CustomWaveView -10 20
wv_move_window CustomWaveView 120 -14
wv_resize_window CustomWaveView 966 903
sx_open_sim_file_read {sim.vcd}
wv_move_window CustomWaveView 120 20
wv_resize_window CustomWaveView 966 901
wv_expand_tree_item MainWindow.hierview {D0:sim.vcd}
wv_select_tree_item MainWindow.hierview {D0:sim.vcd}
wv_expand_tree_item MainWindow.hierview {D0:sim.vcd/TOP}
wv_select_tree_item MainWindow.hierview {D0:sim.vcd/TOP}
wv_expand_tree_item MainWindow.hierview {D0:sim.vcd/TOP/opentitan_soc_top}
wv_select_tree_item MainWindow.hierview {D0:sim.vcd/TOP/opentitan_soc_top}
wv_vert_scroll MainWindow.hierview 8
wv_select_tree_item MainWindow.hierview {D0:sim.vcd/TOP/opentitan_soc_top/u_tempsense}
wv_vert_scroll MainWindow.hierview 18
wv_select_tree_item MainWindow.hierview {D0:sim.vcd/TOP/opentitan_soc_top/xbar_to_tsen1}
wv_drag_tree_item MainWindow.hierview {D0:sim.vcd/TOP/opentitan_soc_top/xbar_to_tsen1}
wv_select_tree_item MainWindow.hierview {D0:sim.vcd/TOP/opentitan_soc_top/xbar_to_tsen1}
wv_drag_enter WV1
wv_drop_on WV1
wv_select_menu_item {Axes} {Zoom} {Set Zoom Area}
wv_move_dialog ZoomSettings 427 254
wv_select_dialog ZoomSettings
wv_set_text ZoomSettings.XMax {10p}
wv_press_button ZoomSettings.Ok
wv_release_wv_item WV1 680 798
wv_select_wv_item WV1.HSLIDER 680 794
wv_release_wv_item WV1 680 794
wv_select_wv_item WV1.HSLIDER 680 794
wv_release_wv_item WV1 680 794
wv_select_wv_item WV1.HSLIDER 679 794
wv_release_wv_item WV1 679 794
wv_select_wv_item WV1.HSLIDER 679 794
wv_release_wv_item WV1 679 794
wv_select_wv_item WV1.HSLIDER 679 794
wv_release_wv_item WV1 679 794
wv_select_wv_item WV1.HSLIDER 679 794
wv_release_wv_item WV1 679 794
wv_select_wv_item WV1.HSLIDER 679 794
wv_release_wv_item WV1 679 794
wv_select_wv_item WV1.HSLIDER 132 792
wv_release_wv_item WV1 132 792
wv_release_wv_item WV1 132 792
wv_select_wv_item WV1.HSLIDER 132 792
wv_release_wv_item WV1 132 792
wv_release_wv_item WV1 132 792
wv_select_wv_item WV1.HSLIDER 132 792
wv_release_wv_item WV1 132 792
wv_select_wv_item WV1.HSLIDER 132 792
wv_release_wv_item WV1 132 792
wv_select_wv_item WV1.HSLIDER 132 791
wv_release_wv_item WV1 132 791
wv_close_window CustomWaveView
wv_move_dialog Confirmation 519 431
wv_select_dialog Confirmation
# wv_press_button Confirmation.Ok
