# Preference setting overrides
gui_create_pref_key -category {Globals} -key {load_detail_for_funcov} -value_type {bool} -value {false}

# State setting overrides
gui_state_default_create -off -ini
gui_set_state_value -category Globals -key recent_sessions -value {{gui_load_session -ignore_errors -file /afs/eecs.umich.edu/vlsida/projects/restricted/google/naomikmo/gf12_opentitan/test_mem/session.inter.vpd.tcl -ignore_errors} {gui_load_session -ignore_errors -file /afs/eecs.umich.edu/vlsida/projects/restricted/google/naomikmo/gf12_opentitan/test_mem/session.inter.vpd.tcl} {gui_load_session -ignore_errors -file /afs/eecs.umich.edu/vlsida/projects/restricted/google/naomikmo/gf12_opentitan/opentitan_soc/session.inter.vpd.tcl -ignore_errors} {gui_load_session -ignore_errors -file /afs/eecs.umich.edu/vlsida/projects/restricted/google/naomikmo/gf12_opentitan/opentitan_soc/session.inter.vpd.tcl}}
gui_set_state_value -category Layout -key child_console_size_x -value 1611
gui_set_state_value -category Layout -key child_console_size_y -value 175
gui_set_state_value -category Layout -key child_data_size_x -value 237
gui_set_state_value -category Layout -key child_data_size_y -value 630
gui_set_state_value -category Layout -key child_hier_col3 -value {-1}
gui_set_state_value -category Layout -key child_hier_colhier -value 143
gui_set_state_value -category Layout -key child_hier_colpd -value 0
gui_set_state_value -category Layout -key child_hier_size_x -value 224
gui_set_state_value -category Layout -key child_hier_size_y -value 630
gui_set_state_value -category Layout -key child_memory_pos_x -value {-2}
gui_set_state_value -category Layout -key child_memory_pos_y -value {-15}
gui_set_state_value -category Layout -key child_memory_size_x -value 1109
gui_set_state_value -category Layout -key child_memory_size_y -value 627
gui_set_state_value -category Layout -key child_source_docknewline -value false
gui_set_state_value -category Layout -key child_source_pos_x -value {-2}
gui_set_state_value -category Layout -key child_source_pos_y -value {-15}
gui_set_state_value -category Layout -key child_source_size_x -value 1153
gui_set_state_value -category Layout -key child_source_size_y -value 625
gui_set_state_value -category Layout -key child_wave_colname -value 231
gui_set_state_value -category Layout -key child_wave_colvalue -value 231
gui_set_state_value -category Layout -key child_wave_left -value 467
gui_set_state_value -category Layout -key child_wave_right -value 1139
gui_set_state_value -category Layout -key main_pos_x -value 1
gui_set_state_value -category Layout -key main_pos_y -value 38
gui_set_state_value -category Layout -key main_size_x -value 1612
gui_set_state_value -category Layout -key main_size_y -value 942
gui_set_state_value -category Layout -key stand_wave_child_docknewline -value false
gui_set_state_value -category Layout -key stand_wave_child_pos_x -value {-2}
gui_set_state_value -category Layout -key stand_wave_child_pos_y -value {-15}
gui_set_state_value -category Layout -key stand_wave_child_size_x -value 1616
gui_set_state_value -category Layout -key stand_wave_child_size_y -value 800
gui_set_state_value -category Layout -key stand_wave_top_pos_x -value 1
gui_set_state_value -category Layout -key stand_wave_top_pos_y -value 38
gui_set_state_value -category Layout -key stand_wave_top_size_x -value 1612
gui_set_state_value -category Layout -key stand_wave_top_size_y -value 942
gui_set_state_value -category SaveSession -key all_windows -value false
gui_set_state_value -category SaveSession -key breakpoint -value false
gui_set_state_value -category SaveSession -key bus_definitions -value false
gui_set_state_value -category SaveSession -key expressions -value false
gui_set_state_value -category SaveSession -key highlight -value false
gui_set_state_value -category SaveSession -key only_global_def -value true
gui_set_state_value -category SaveSession -key open_database_info -value false
gui_set_state_value -category SaveSession -key signal_compare -value false
gui_set_state_value -category SaveSession -key signal_groups -value false
gui_set_state_value -category SaveSession -key stack_mode -value false
gui_set_state_value -category SaveSession -key time_shift -value false
gui_set_state_value -category SaveSession -key user_defined_radix -value false
gui_create_state_key -category FindDialog -key m_pMatchCase -value_type bool -value false
gui_create_state_key -category FindDialog -key m_pMatchWord -value_type bool -value false
gui_create_state_key -category FindDialog -key m_pUseCombo -value_type string -value {}
gui_create_state_key -category FindDialog -key m_pWrapAround -value_type bool -value true
gui_create_state_key -category Widget_History -key TopLevel.1|qt_left_dock|DockWnd2|DLPane.1|pages|Data.1|hbox|textfilter -value_type string -value {*rmask *memory *mem}
gui_create_state_key -category Widget_History -key {dlgSimSetup|m_setupTab|tab pages|SimTab|m_VPDCombo} -value_type string -value inter.vpd
gui_create_state_key -category Widget_History -key {dlgSimSetup|m_setupTab|tab pages|SimTab|m_argsCombo} -value_type string -value {{-ucligui }}
gui_create_state_key -category Widget_History -key {dlgSimSetup|m_setupTab|tab pages|SimTab|m_curDirCombo} -value_type string -value {/afs/eecs.umich.edu/vlsida/projects/restricted/google/naomikmo/final_test/opentitan_soc /afs/eecs.umich.edu/vlsida/projects/restricted/google/naomikmo/gf12_opentitan/test_mem /afs/eecs.umich.edu/vlsida/projects/restricted/google/naomikmo/gf12_opentitan/opentitan_soc}
gui_create_state_key -category Widget_History -key {dlgSimSetup|m_setupTab|tab pages|SimTab|m_exeCombo} -value_type string -value {./simv /afs/eecs.umich.edu/vlsida/projects/restricted/google/naomikmo/gf12_opentitan/test_mem/simv /afs/eecs.umich.edu/vlsida/projects/restricted/google/naomikmo/gf12_opentitan/opentitan_soc/simv}
gui_state_default_create -off

# Begin command logging
gui_sim_run Ucli -exe ./simv -args {-ucligui  } -dir .
gui_list_select -id Hier.1 -current_item_name top_pkg -current_item_type Scope  -selected  { top_pkg   }
gui_list_select -id Hier.1 -current_item_name opentitan_soc_top_tb -current_item_type Scope  -selected  { opentitan_soc_top_tb   }
gui_list_expand -id  Hier.1   opentitan_soc_top_tb
gui_list_select -id Hier.1 -current_item_name opentitan_soc_top_tb.ot_soc_top -current_item_type Scope  -selected  { opentitan_soc_top_tb.ot_soc_top   }
gui_list_select -id Data.1 -selected  { opentitan_soc_top_tb.ot_soc_top.iccm_to_xbar   }
gui_list_select -id Data.1 -selected  { opentitan_soc_top_tb.ot_soc_top.iccm_to_xbar  opentitan_soc_top_tb.ot_soc_top.xbar_to_dccm   }
gui_list_select -id Data.1 -selected  { opentitan_soc_top_tb.ot_soc_top.iccm_to_xbar  opentitan_soc_top_tb.ot_soc_top.xbar_to_dccm  opentitan_soc_top_tb.ot_soc_top.dccm_to_xbar   }
gui_open_window Wave
gui_list_add -id Wave.1 -from Data.1 { opentitan_soc_top_tb.ot_soc_top.iccm_to_xbar opentitan_soc_top_tb.ot_soc_top.xbar_to_dccm opentitan_soc_top_tb.ot_soc_top.dccm_to_xbar } -insertionbar
gui_sim_continue  
gui_wv_zoom_timerange -id  Wave.1 3793738 138471454
gui_wv_scrollright -id  Wave.1  line
gui_wv_scrollright -id  Wave.1  line
gui_wv_scrollright -id  Wave.1  line
gui_wv_scrollright -id  Wave.1  line
gui_wv_scrollright -id  Wave.1  line
gui_wv_scrollright -id  Wave.1  line
gui_wv_scrollright -id  Wave.1  line
gui_wv_scrollright -id  Wave.1  line
gui_wv_scrollright -id  Wave.1  line
gui_list_expand -id  Wave.1   opentitan_soc_top_tb.ot_soc_top.dccm_to_xbar
gui_wv_scrollright -id  Wave.1  line
gui_wv_scrollright -id  Wave.1  line
gui_wv_scrollright -id  Wave.1  line
gui_wv_scrollright -id  Wave.1  line
gui_wv_scrollright -id  Wave.1  line
gui_wv_scrollright -id  Wave.1  line
gui_wv_scrollright -id  Wave.1  line
gui_wv_scrollright -id  Wave.1  line
gui_wv_scrollright -id  Wave.1  line
gui_wv_scrollright -id  Wave.1  line
gui_wv_scrollright -id  Wave.1  line
gui_wv_scrollright -id  Wave.1  line
gui_wv_scrollright -id  Wave.1  line
gui_wv_scrollright -id  Wave.1  line
gui_wv_scrollright -id  Wave.1  line
gui_wv_scrollright -id  Wave.1  line
gui_wv_scrollright -id  Wave.1  line
gui_marker_move -id  Wave.1 C1 225000000
gui_list_expand -id  Wave.1   opentitan_soc_top_tb.ot_soc_top.xbar_to_dccm
gui_wv_scrollleft -id  Wave.1  line
gui_wv_scrollleft -id  Wave.1  line
gui_wv_scrollleft -id  Wave.1  line
gui_wv_scrollleft -id  Wave.1  line
gui_wv_scrollleft -id  Wave.1  line
gui_wv_scrollleft -id  Wave.1  line
gui_wv_scrollleft -id  Wave.1  line
gui_wv_scrollright -id  Wave.1  line
gui_wv_scrollright -id  Wave.1  line
gui_wv_scrollleft -id  Wave.1  line
gui_wv_scrollright -id  Wave.1  line
gui_wv_scrollright -id  Wave.1  line
gui_wv_scrollleft -id  Wave.1  line
gui_marker_move -id  Wave.1 C1 195000000
gui_list_select -id Wave.1 -selected  { {opentitan_soc_top_tb.ot_soc_top.xbar_to_dccm.a_data[31:0]}   }
gui_wv_scrollleft -id  Wave.1  line
gui_wv_scrollleft -id  Wave.1  line
gui_wv_scrollleft -id  Wave.1  line
gui_wv_scrollleft -id  Wave.1  line
gui_wv_scrollleft -id  Wave.1  line
gui_wv_scrollleft -id  Wave.1  line
gui_wv_scrollleft -id  Wave.1  line
gui_marker_move -id  Wave.1 C1 125000000
gui_marker_move -id  Wave.1 C1 195000000
gui_wv_scrollleft -id  Wave.1  line
gui_wv_scrollleft -id  Wave.1  line
gui_wv_scrollright -id  Wave.1  line
gui_wv_scrollright -id  Wave.1  line
gui_list_select -id Wave.1 -selected  { opentitan_soc_top_tb.ot_soc_top.dccm_to_xbar.a_ready   }
gui_list_select -id Wave.1 -selected  { opentitan_soc_top_tb.ot_soc_top.dccm_to_xbar.d_error   }
gui_list_select -id Wave.1 -selected  { {opentitan_soc_top_tb.ot_soc_top.dccm_to_xbar.d_data[31:0]}   }
gui_list_select -id Wave.1 -selected  { {opentitan_soc_top_tb.ot_soc_top.dccm_to_xbar.d_sink[0:0]}   }
gui_list_select -id Wave.1 -selected  { {opentitan_soc_top_tb.ot_soc_top.dccm_to_xbar.d_source[7:0]}   }
gui_list_select -id Wave.1 -selected  { {opentitan_soc_top_tb.ot_soc_top.dccm_to_xbar.d_data[31:0]}   }
gui_list_select -id Wave.1 -selected  { {opentitan_soc_top_tb.ot_soc_top.dccm_to_xbar.d_sink[0:0]}   }
gui_list_select -id Wave.1 -selected  { {opentitan_soc_top_tb.ot_soc_top.dccm_to_xbar.d_source[7:0]}   }
gui_list_select -id Wave.1 -selected  { {opentitan_soc_top_tb.ot_soc_top.dccm_to_xbar.d_data[31:0]}   }
gui_list_select -id Wave.1 -selected  { {opentitan_soc_top_tb.ot_soc_top.dccm_to_xbar.d_source[7:0]}   }
gui_list_select -id Wave.1 -selected  { {opentitan_soc_top_tb.ot_soc_top.dccm_to_xbar.d_data[31:0]}   }
gui_list_select -id Wave.1 -selected  { {opentitan_soc_top_tb.ot_soc_top.dccm_to_xbar.d_source[7:0]}   }
gui_list_select -id Wave.1 -selected  { {opentitan_soc_top_tb.ot_soc_top.dccm_to_xbar.d_data[31:0]}   }
gui_list_select -id Wave.1 -selected  { {opentitan_soc_top_tb.ot_soc_top.dccm_to_xbar.d_source[7:0]}   }
gui_list_select -id Wave.1 -selected  { {opentitan_soc_top_tb.ot_soc_top.dccm_to_xbar.d_data[31:0]}   }
gui_list_select -id Wave.1 -selected  { {opentitan_soc_top_tb.ot_soc_top.dccm_to_xbar.d_source[7:0]}   }
gui_list_select -id Wave.1 -selected  { {opentitan_soc_top_tb.ot_soc_top.dccm_to_xbar.d_data[31:0]}   }
gui_list_select -id Wave.1 -selected  { {opentitan_soc_top_tb.ot_soc_top.dccm_to_xbar.d_source[7:0]}   }
gui_list_select -id Wave.1 -selected  { {opentitan_soc_top_tb.ot_soc_top.dccm_to_xbar.d_data[31:0]}   }
gui_wv_scrollleft -id  Wave.1  line
gui_wv_scrollleft -id  Wave.1  line
gui_wv_scrollright -id  Wave.1  line
gui_wv_scrollright -id  Wave.1  line
gui_wv_scrollright -id  Wave.1  line
gui_marker_move -id  Wave.1 C1 165000000
gui_marker_move -id  Wave.1 C1 174876427
gui_marker_move -id  Wave.1 C1 184745571
gui_wv_scrollright -id  Wave.1  line
gui_wv_scrollright -id  Wave.1  line
gui_marker_move -id  Wave.1 C1 195000000
gui_marker_move -id  Wave.1 C1 205000000
gui_marker_move -id  Wave.1 C1 195000000
gui_marker_move -id  Wave.1 C1 185000000
gui_marker_move -id  Wave.1 C1 195000000
gui_marker_move -id  Wave.1 C1 155000000
gui_marker_move -id  Wave.1 C1 165000000
gui_marker_move -id  Wave.1 C1 175000000
gui_marker_move -id  Wave.1 C1 185000000
gui_list_expand -id  Hier.1   opentitan_soc_top_tb.ot_soc_top
gui_list_expand -id  Hier.1   opentitan_soc_top_tb.ot_soc_top.dccm
gui_list_select -id Hier.1 -current_item_name opentitan_soc_top_tb.ot_soc_top.dccm.dccm_gf12 -current_item_type Scope  -selected  { opentitan_soc_top_tb.ot_soc_top.dccm.dccm_gf12   }
gui_list_select -id Data.1 -selected  { {opentitan_soc_top_tb.ot_soc_top.dccm.dccm_gf12.Q[31:0]}   }
gui_list_select -id Data.1 -selected  { {opentitan_soc_top_tb.ot_soc_top.dccm.dccm_gf12.Q[31:0]}  opentitan_soc_top_tb.ot_soc_top.dccm.dccm_gf12.CLK   }
gui_list_select -id Data.1 -selected  { {opentitan_soc_top_tb.ot_soc_top.dccm.dccm_gf12.Q[31:0]}  opentitan_soc_top_tb.ot_soc_top.dccm.dccm_gf12.CLK  opentitan_soc_top_tb.ot_soc_top.dccm.dccm_gf12.CEN   }
gui_list_select -id Data.1 -selected  { {opentitan_soc_top_tb.ot_soc_top.dccm.dccm_gf12.Q[31:0]}  opentitan_soc_top_tb.ot_soc_top.dccm.dccm_gf12.CLK  opentitan_soc_top_tb.ot_soc_top.dccm.dccm_gf12.CEN  opentitan_soc_top_tb.ot_soc_top.dccm.dccm_gf12.GWEN   }
gui_list_select -id Data.1 -selected  { {opentitan_soc_top_tb.ot_soc_top.dccm.dccm_gf12.Q[31:0]}  opentitan_soc_top_tb.ot_soc_top.dccm.dccm_gf12.CLK  opentitan_soc_top_tb.ot_soc_top.dccm.dccm_gf12.CEN  opentitan_soc_top_tb.ot_soc_top.dccm.dccm_gf12.GWEN  {opentitan_soc_top_tb.ot_soc_top.dccm.dccm_gf12.A[11:0]}   }
gui_list_select -id Data.1 -selected  { {opentitan_soc_top_tb.ot_soc_top.dccm.dccm_gf12.Q[31:0]}  opentitan_soc_top_tb.ot_soc_top.dccm.dccm_gf12.CLK  opentitan_soc_top_tb.ot_soc_top.dccm.dccm_gf12.CEN  opentitan_soc_top_tb.ot_soc_top.dccm.dccm_gf12.GWEN  {opentitan_soc_top_tb.ot_soc_top.dccm.dccm_gf12.A[11:0]}  {opentitan_soc_top_tb.ot_soc_top.dccm.dccm_gf12.D[31:0]}   }
gui_list_select -id Data.1 -selected  { {opentitan_soc_top_tb.ot_soc_top.dccm.dccm_gf12.Q[31:0]}  opentitan_soc_top_tb.ot_soc_top.dccm.dccm_gf12.CLK  opentitan_soc_top_tb.ot_soc_top.dccm.dccm_gf12.CEN  opentitan_soc_top_tb.ot_soc_top.dccm.dccm_gf12.GWEN  {opentitan_soc_top_tb.ot_soc_top.dccm.dccm_gf12.A[11:0]}  {opentitan_soc_top_tb.ot_soc_top.dccm.dccm_gf12.D[31:0]}  {opentitan_soc_top_tb.ot_soc_top.dccm.dccm_gf12.WEN[31:0]}   }
gui_sg_create  Group2 
gui_list_add_group -id  Wave.1   {Group2} 
gui_list_add  -id  Wave.1   -after Group2 {{opentitan_soc_top_tb.ot_soc_top.dccm.dccm_gf12.Q[31:0]} {opentitan_soc_top_tb.ot_soc_top.dccm.dccm_gf12.CLK} {opentitan_soc_top_tb.ot_soc_top.dccm.dccm_gf12.CEN} {opentitan_soc_top_tb.ot_soc_top.dccm.dccm_gf12.GWEN} {opentitan_soc_top_tb.ot_soc_top.dccm.dccm_gf12.A[11:0]} {opentitan_soc_top_tb.ot_soc_top.dccm.dccm_gf12.D[31:0]} {opentitan_soc_top_tb.ot_soc_top.dccm.dccm_gf12.WEN[31:0]}}
gui_sim_restart
gui_sim_continue  
gui_wv_scrolldown -id  Wave.1  line
gui_wv_scrolldown -id  Wave.1  line
gui_wv_scrolldown -id  Wave.1  line
gui_wv_scrolldown -id  Wave.1  line
gui_wv_scrolldown -id  Wave.1  line
gui_wv_scrolldown -id  Wave.1  line
gui_wv_scrolldown -id  Wave.1  line
gui_wv_scrolldown -id  Wave.1  line
gui_wv_zoom_timerange -id  Wave.1 0 187790055
gui_wv_scrollright -id  Wave.1  line
gui_wv_scrollright -id  Wave.1  line
gui_wv_scrollright -id  Wave.1  line
gui_wv_scrollright -id  Wave.1  line
gui_wv_scrollright -id  Wave.1  line
gui_wv_scrollright -id  Wave.1  line
gui_wv_scrollright -id  Wave.1  line
gui_wv_scrollright -id  Wave.1  line
gui_wv_scrollright -id  Wave.1  line
gui_wv_scrollright -id  Wave.1  line
gui_wv_scrollright -id  Wave.1  line
gui_wv_scrollleft -id  Wave.1  line
gui_marker_move -id  Wave.1 C1 165010000
gui_marker_move -id  Wave.1 C1 215010000
gui_marker_move -id  Wave.1 C1 165010000
gui_marker_move -id  Wave.1 C1 215010000
gui_marker_move -id  Wave.1 C1 165010000
gui_marker_move -id  Wave.1 C1 215010000
gui_marker_move -id  Wave.1 C1 165010000
gui_marker_move -id  Wave.1 C1 145010000
gui_marker_move -id  Wave.1 C1 165010000
gui_marker_move -id  Wave.1 C1 215010000
gui_marker_move -id  Wave.1 C1 165010000
gui_marker_move -id  Wave.1 C1 195000000
gui_marker_move -id  Wave.1 C1 165000000
gui_marker_move -id  Wave.1 C1 215010000
gui_marker_move -id  Wave.1 C1 195000000
gui_close_window -window TopLevel.2
