Chronologic VCS simulator copyright 1991-2017
Contains Synopsys proprietary information.
Compiler version N-2017.12-SP2-1_Full64; Runtime version N-2017.12-SP2-1_Full64;  May 11 11:50 2021
VCD+ Writer N-2017.12-SP2-1_Full64 Copyright (c) 1991-2017 by Synopsys Inc.
The file '/afs/eecs.umich.edu/vlsida/projects/restricted/google/naomikmo/final_test/opentitan_soc/inter.vpd' was opened successfully.
$finish called from file "/afs/eecs.umich.edu/vlsida/projects/restricted/google/naomikmo/final_test/opentitan_soc/soc_top/opentitan_soc_top_tb.sv", line 65.
$finish at simulation time           2060000000
Simulation complete, time is 2060000000 fs.
Chronologic VCS simulator copyright 1991-2017
Contains Synopsys proprietary information.
Compiler version N-2017.12-SP2-1_Full64; Runtime version N-2017.12-SP2-1_Full64;  May 11 11:54 2021
VCD+ Writer N-2017.12-SP2-1_Full64 Copyright (c) 1991-2017 by Synopsys Inc.
The file '/afs/eecs.umich.edu/vlsida/projects/restricted/google/naomikmo/final_test/opentitan_soc/inter.vpd' was opened successfully.
$finish called from file "/afs/eecs.umich.edu/vlsida/projects/restricted/google/naomikmo/final_test/opentitan_soc/soc_top/opentitan_soc_top_tb.sv", line 65.
$finish at simulation time           2060000000
Simulation complete, time is 2060000000 fs.
           V C S   S i m u l a t i o n   R e p o r t 
Time: 2060000000 fs
CPU Time:      0.240 seconds;       Data structure size:   0.3Mb
Tue May 11 11:59:54 2021
